[debug] [2018-03-13T17:54:54.102Z] ----------------------------------------------------------------------
[debug] [2018-03-13T17:54:54.104Z] Command:       /home/mango/.nvm/versions/node/v9.7.0/bin/node /home/mango/.nvm/versions/node/v9.7.0/bin/firebase init
[debug] [2018-03-13T17:54:54.105Z] CLI Version:   3.17.4
[debug] [2018-03-13T17:54:54.105Z] Platform:      linux
[debug] [2018-03-13T17:54:54.105Z] Node Version:  v9.7.0
[debug] [2018-03-13T17:54:54.105Z] Time:          Tue Mar 13 2018 13:54:54 GMT-0400 (EDT)
[debug] [2018-03-13T17:54:54.105Z] ----------------------------------------------------------------------
[debug] 
[debug] [2018-03-13T17:54:54.115Z] > command requires scopes: ["email","openid","https://www.googleapis.com/auth/cloudplatformprojects.readonly","https://www.googleapis.com/auth/firebase"]
[debug] [2018-03-13T17:54:54.115Z] > authorizing via signed-in user
[info] 
     ######## #### ########  ######## ########     ###     ######  ########
     ##        ##  ##     ## ##       ##     ##  ##   ##  ##       ##
     ######    ##  ########  ######   ########  #########  ######  ######
     ##        ##  ##    ##  ##       ##     ## ##     ##       ## ##
     ##       #### ##     ## ######## ########  ##     ##  ######  ########

You're about to initialize a Firebase project in this directory:

  /home/mango/Documents/bouffetracker

[info] 
=== Project Setup
[info] 
[info] First, let's associate this project directory with a Firebase project.
[info] You can create multiple project aliases by running firebase use --add, 
[info] but for now we'll just set up a default project.
[info] 
[debug] [2018-03-13T17:55:03.701Z] > refreshing access token with scopes: ["email","https://www.googleapis.com/auth/cloudplatformprojects.readonly","https://www.googleapis.com/auth/firebase","openid"]
[debug] [2018-03-13T17:55:03.701Z] >>> HTTP REQUEST POST https://www.googleapis.com/oauth2/v3/token  
 { refresh_token: '1/XKIb1CCfwnmKWvcbjLsPuw9MnaRcpVPtH7KT9Ctskeo',
  client_id: '563584335869-fgrhgmd47bqnekij5i8b5pr03ho849e6.apps.googleusercontent.com',
  client_secret: 'j9iVZfS8kkCEFUPaAeJV0sAi',
  grant_type: 'refresh_token',
  scope: 'email https://www.googleapis.com/auth/cloudplatformprojects.readonly https://www.googleapis.com/auth/firebase openid' } 
 Tue Mar 13 2018 13:55:03 GMT-0400 (EDT)
[debug] [2018-03-13T17:55:04.002Z] <<< HTTP RESPONSE 200
[debug] [2018-03-13T17:55:04.025Z] >>> HTTP REQUEST GET https://admin.firebase.com/v1/projects  
  
 Tue Mar 13 2018 13:55:04 GMT-0400 (EDT)
[debug] [2018-03-13T17:55:06.387Z] <<< HTTP RESPONSE 200
[info] 
=== Hosting Setup
[info] 
[info] Your public directory is the folder (relative to your project directory) that
[info] will contain Hosting assets to be uploaded with firebase deploy. If you
[info] have a build process for your assets, use your build's output directory.
[info] 
